<?xml version="1.0" encoding="UTF-8"?>
<!-- Generated by org.testng.reporters.JUnitXMLReporter -->
<testsuite ignored="0" hostname="DESKTOP-MNSU8OR" failures="2" tests="3" name="Test-1" time="92.689" errors="0" timestamp="2025-02-22T10:42:04 IST">
  <testcase classname="com.comcast.crm.ContactTest.CreateContactTestNGTest" name="CreateConatctWithSupportDateTest" time="15.164">
    <failure type="java.lang.AssertionError" message="The following asserts failed:
	expected [true] but found [false]">
      <![CDATA[java.lang.AssertionError: The following asserts failed:
expected [true] but found [false]
at com.comcast.crm.ContactTest.CreateContactTestNGTest.CreateConatctWithSupportDateTest(CreateContactTestNGTest.java:90)
at java.base/java.util.ArrayList.forEach(ArrayList.java:1596)
at java.base/java.util.concurrent.FutureTask.run(FutureTask.java:317)
at java.base/java.util.concurrent.ThreadPoolExecutor.runWorker(ThreadPoolExecutor.java:1144)
at java.base/java.util.concurrent.ThreadPoolExecutor$Worker.run(ThreadPoolExecutor.java:642)
at java.base/java.lang.Thread.run(Thread.java:1583)
... Removed 17 stack frames]]>
    </failure>
  </testcase> <!-- CreateConatctWithSupportDateTest -->
  <testcase classname="com.comcast.crm.ContactTest.CreateContactTestNGTest" name="CreateContactTest" time="15.799"/>
  <testcase classname="com.comcast.crm.ContactTest.CreateContactTestNGTest" name="CreateContactsWithOrganisationTest" time="35.825">
    <failure type="java.lang.AssertionError" message="expected [true] but found [false]">
      <![CDATA[java.lang.AssertionError: expected [true] but found [false]
at com.comcast.crm.ContactTest.CreateContactTestNGTest.CreateContactsWithOrganisationTest(CreateContactTestNGTest.java:148)
at java.base/java.util.ArrayList.forEach(ArrayList.java:1596)
at java.base/java.util.concurrent.FutureTask.run(FutureTask.java:317)
at java.base/java.util.concurrent.ThreadPoolExecutor.runWorker(ThreadPoolExecutor.java:1144)
at java.base/java.util.concurrent.ThreadPoolExecutor$Worker.run(ThreadPoolExecutor.java:642)
at java.base/java.lang.Thread.run(Thread.java:1583)
... Removed 22 stack frames]]>
    </failure>
  </testcase> <!-- CreateContactsWithOrganisationTest -->
</testsuite> <!-- Test-1 -->
